\BOOKMARK [1][-]{section.1}{\376\377\000I\000n\000t\000r\000o\000d\000u\000c\000t\000i\000o\000n}{}% 1
\BOOKMARK [1][-]{section.2}{\376\377\000E\000n\000v\000i\000r\000o\000n\000m\000e\000n\000t\000\040\000C\000o\000n\000s\000t\000r\000u\000c\000t\000i\000o\000n}{}% 2
\BOOKMARK [2][-]{subsection.2.1}{\376\377\000P\000r\000o\000b\000l\000e\000m\000\040\000F\000o\000r\000m\000u\000l\000a\000t\000i\000o\000n\000\040\000a\000n\000d\000\040\000O\000v\000e\000r\000v\000i\000e\000w}{section.2}% 3
\BOOKMARK [2][-]{subsection.2.2}{\376\377\000S\000t\000a\000t\000e\000\040\000S\000p\000a\000c\000e\000\040\000a\000n\000d\000\040\000O\000b\000s\000e\000r\000v\000a\000t\000i\000o\000n\000s}{section.2}% 4
\BOOKMARK [2][-]{subsection.2.3}{\376\377\000A\000c\000t\000i\000o\000n\000\040\000S\000p\000a\000c\000e}{section.2}% 5
\BOOKMARK [2][-]{subsection.2.4}{\376\377\000D\000a\000y\000\040\000T\000r\000a\000n\000s\000i\000t\000i\000o\000n\000\040\000D\000y\000n\000a\000m\000i\000c\000s}{section.2}% 6
\BOOKMARK [1][-]{section.3}{\376\377\000E\000v\000o\000l\000v\000i\000n\000g\000\040\000S\000t\000r\000a\000t\000e\000g\000y\000\040\000\046\000\040\000E\000x\000e\000c\000u\000t\000i\000o\000n\000\040\000F\000r\000a\000m\000e\000w\000o\000r\000k}{}% 7
\BOOKMARK [2][-]{subsection.3.1}{\376\377\000F\000r\000a\000m\000e\000w\000o\000r\000k\000\040\000D\000e\000t\000a\000i\000l}{section.3}% 8
\BOOKMARK [2][-]{subsection.3.2}{\376\377\000H\000i\000e\000r\000a\000r\000c\000h\000i\000c\000a\000l\000\040\000P\000o\000l\000i\000c\000y\000\040\000R\000e\000p\000r\000e\000s\000e\000n\000t\000a\000t\000i\000o\000n}{section.3}% 9
\BOOKMARK [1][-]{section.4}{\376\377\000E\000x\000p\000e\000r\000i\000m\000e\000n\000t\000\040\000S\000e\000t\000t\000i\000n\000g\000s}{}% 10
\BOOKMARK [2][-]{subsection.4.1}{\376\377\000E\000n\000v\000i\000r\000o\000n\000m\000e\000n\000t\000\040\000C\000o\000n\000f\000i\000g\000u\000r\000a\000t\000i\000o\000n\000s}{section.4}% 11
\BOOKMARK [2][-]{subsection.4.2}{\376\377\000E\000v\000a\000l\000u\000a\000t\000i\000o\000n\000\040\000M\000e\000t\000r\000i\000c\000s}{section.4}% 12
\BOOKMARK [2][-]{subsection.4.3}{\376\377\000E\000x\000p\000e\000r\000i\000m\000e\000n\000t\000a\000l\000\040\000S\000e\000t\000u\000p}{section.4}% 13
\BOOKMARK [1][-]{section.5}{\376\377\000R\000e\000s\000u\000l\000t\000s}{}% 14
\BOOKMARK [2][-]{subsection.5.1}{\376\377\000P\000e\000r\000f\000o\000r\000m\000a\000n\000c\000e\000\040\000C\000o\000m\000p\000a\000r\000i\000s\000o\000n\000\040\000b\000e\000t\000w\000e\000e\000n\000\040\000A\000g\000e\000n\000t\000\040\000F\000r\000a\000m\000e\000w\000o\000r\000k\000s}{section.5}% 15
\BOOKMARK [2][-]{subsection.5.2}{\376\377\000P\000e\000r\000f\000o\000r\000m\000a\000n\000c\000e\000\040\000a\000c\000r\000o\000s\000s\000\040\000E\000n\000v\000i\000r\000o\000n\000m\000e\000n\000t\000s\000\040\000w\000i\000t\000h\000\040\000V\000a\000r\000y\000i\000n\000g\000\040\000D\000i\000f\000f\000i\000c\000u\000l\000t\000y}{section.5}% 16
\BOOKMARK [1][-]{section.6}{\376\377\000A\000n\000a\000l\000y\000s\000i\000s}{}% 17
\BOOKMARK [2][-]{subsection.6.1}{\376\377\000N\000o\000n\000-\000s\000c\000a\000l\000a\000b\000l\000e\000\040\000D\000e\000c\000i\000s\000i\000o\000n\000-\000M\000a\000k\000i\000n\000g\000\040\000C\000a\000p\000a\000b\000i\000l\000i\000t\000y}{section.6}% 18
\BOOKMARK [2][-]{subsection.6.2}{\376\377\000I\000n\000c\000o\000m\000p\000l\000e\000t\000e\000\040\000I\000n\000f\000o\000r\000m\000a\000t\000i\000o\000n\000\040\000C\000o\000v\000e\000r\000a\000g\000e}{section.6}% 19
\BOOKMARK [2][-]{subsection.6.3}{\376\377\000T\000e\000m\000p\000o\000r\000a\000l\000\040\000I\000n\000s\000t\000a\000b\000i\000l\000i\000t\000y}{section.6}% 20
\BOOKMARK [2][-]{subsection.6.4}{\376\377\000H\000a\000l\000l\000u\000c\000i\000n\000a\000t\000i\000o\000n\000s\000\040\000a\000n\000d\000\040\000I\000n\000v\000a\000l\000i\000d\000\040\000A\000c\000t\000i\000o\000n\000s}{section.6}% 21
\BOOKMARK [1][-]{section.7}{\376\377\000R\000e\000l\000a\000t\000e\000d\000\040\000W\000o\000r\000k}{}% 22
\BOOKMARK [1][-]{section.8}{\376\377\000C\000o\000n\000c\000l\000u\000s\000i\000o\000n}{}% 23
\BOOKMARK [1][-]{section.9}{\376\377\000L\000i\000m\000i\000t\000a\000t\000i\000o\000n\000s}{}% 24
\BOOKMARK [1][-]{appendix.A}{\376\377\000E\000n\000v\000i\000r\000o\000n\000m\000e\000n\000t\000\040\000C\000o\000n\000f\000i\000g\000u\000r\000a\000t\000i\000o\000n\000\040\000D\000e\000t\000a\000i\000l\000s}{}% 25
\BOOKMARK [2][-]{subsection.A.1}{\376\377\000S\000t\000a\000t\000e\000\040\000S\000p\000a\000c\000e\000\040\000D\000e\000c\000o\000m\000p\000o\000s\000i\000t\000i\000o\000n}{appendix.A}% 26
\BOOKMARK [3][-]{subsubsection.A.1.1}{\376\377\000P\000r\000o\000d\000u\000c\000t\000\040\000S\000t\000a\000t\000e\000\040\000S\000t\000p\000r\000o\000d}{subsection.A.1}% 27
\BOOKMARK [3][-]{subsubsection.A.1.2}{\376\377\000I\000n\000v\000e\000n\000t\000o\000r\000y\000\040\000S\000t\000a\000t\000e\000\040\000S\000t\000i\000n\000v}{subsection.A.1}% 28
\BOOKMARK [3][-]{subsubsection.A.1.3}{\376\377\000S\000u\000p\000p\000l\000y\000\040\000C\000h\000a\000i\000n\000\040\000S\000t\000a\000t\000e\000\040\000S\000t\000s\000u\000p}{subsection.A.1}% 29
\BOOKMARK [3][-]{subsubsection.A.1.4}{\376\377\000D\000e\000m\000a\000n\000d\000\040\000S\000i\000g\000n\000a\000l\000s\000\040\000a\000n\000d\000\040\000D\000e\000m\000a\000n\000d\000\040\000G\000e\000n\000e\000r\000a\000t\000i\000o\000n}{subsection.A.1}% 30
\BOOKMARK [3][-]{subsubsection.A.1.5}{\376\377\000E\000x\000t\000e\000r\000n\000a\000l\000\040\000I\000n\000f\000o\000r\000m\000a\000t\000i\000o\000n\000\040\000S\000t\000e\000x\000t\000\040\000\050\000N\000e\000w\000s\000\040\000M\000o\000d\000u\000l\000e\000\051}{subsection.A.1}% 31
\BOOKMARK [3][-]{subsubsection.A.1.6}{\376\377\000F\000i\000n\000a\000n\000c\000i\000a\000l\000\040\000S\000t\000a\000t\000e\000\040\000S\000t\000f\000i\000n}{subsection.A.1}% 32
\BOOKMARK [2][-]{subsection.A.2}{\376\377\000P\000o\000l\000i\000c\000y\000\040\000D\000e\000t\000a\000i\000l}{appendix.A}% 33
\BOOKMARK [3][-]{subsubsection.A.2.1}{\376\377\000P\000o\000l\000i\000c\000y\000\040\000P\000r\000e\000s\000e\000n\000t\000a\000t\000i\000o\000n}{subsection.A.2}% 34
\BOOKMARK [3][-]{subsubsection.A.2.2}{\376\377\000P\000o\000l\000i\000c\000y\000\040\000E\000x\000a\000m\000p\000l\000e}{subsection.A.2}% 35
\BOOKMARK [2][-]{subsection.A.3}{\376\377\000E\000n\000v\000i\000r\000o\000n\000m\000e\000n\000t\000\040\000S\000e\000t\000t\000i\000n\000g}{appendix.A}% 36
\BOOKMARK [3][-]{subsubsection.A.3.1}{\376\377\000E\000a\000s\000y\000\040\000E\000n\000v\000i\000r\000o\000n\000m\000e\000n\000t\000\040\000C\000o\000n\000f\000i\000g\000u\000r\000a\000t\000i\000o\000n}{subsection.A.3}% 37
\BOOKMARK [3][-]{subsubsection.A.3.2}{\376\377\000M\000i\000d\000d\000l\000e\000\040\000E\000n\000v\000i\000r\000o\000n\000m\000e\000n\000t\000\040\000C\000o\000n\000f\000i\000g\000u\000r\000a\000t\000i\000o\000n}{subsection.A.3}% 38
\BOOKMARK [3][-]{subsubsection.A.3.3}{\376\377\000H\000a\000r\000d\000\040\000E\000n\000v\000i\000r\000o\000n\000m\000e\000n\000t\000\040\000C\000o\000n\000f\000i\000g\000u\000r\000a\000t\000i\000o\000n}{subsection.A.3}% 39
\BOOKMARK [2][-]{subsection.A.4}{\376\377\000E\000n\000v\000i\000r\000o\000n\000m\000e\000n\000t\000\040\000S\000i\000m\000u\000l\000a\000t\000i\000o\000n}{appendix.A}% 40
\BOOKMARK [1][-]{appendix.B}{\376\377\000R\000o\000l\000l\000o\000u\000t\000\040\000D\000e\000t\000a\000i\000l\000s}{}% 41
\BOOKMARK [2][-]{subsection.B.1}{\376\377\000H\000a\000l\000l\000u\000c\000i\000n\000a\000t\000i\000o\000n\000s\000\040\000i\000n\000\040\000R\000e\000a\000s\000o\000n\000i\000n\000g\000\040\000a\000n\000d\000\040\000P\000l\000a\000n\000n\000i\000n\000g}{appendix.B}% 42
\BOOKMARK [3][-]{subsubsection.B.1.1}{\376\377\000N\000o\000n\000-\000e\000x\000i\000s\000t\000e\000n\000t\000\040\000S\000K\000U\000s}{subsection.B.1}% 43
\BOOKMARK [3][-]{subsubsection.B.1.2}{\376\377\000H\000a\000l\000l\000u\000c\000i\000n\000a\000t\000e\000d\000\040\000D\000a\000t\000e\000s}{subsection.B.1}% 44
\BOOKMARK [2][-]{subsection.B.2}{\376\377\000I\000n\000v\000a\000l\000i\000d\000\040\000o\000r\000\040\000I\000r\000r\000a\000t\000i\000o\000n\000a\000l\000\040\000A\000c\000t\000i\000o\000n\000s}{appendix.B}% 45
\BOOKMARK [2][-]{subsection.B.3}{\376\377\000R\000o\000l\000l\000o\000u\000t\000\040\000R\000e\000s\000u\000l\000t\000s}{appendix.B}% 46
\BOOKMARK [2][-]{subsection.B.4}{\376\377\000S\000t\000r\000a\000t\000e\000g\000y\000\040\000S\000c\000o\000r\000e\000\040\000A\000n\000a\000l\000y\000s\000i\000s}{appendix.B}% 47
\BOOKMARK [2][-]{subsection.B.5}{\376\377\000T\000o\000o\000l\000\040\000u\000s\000e\000\040\000A\000n\000a\000l\000y\000s\000i\000s}{appendix.B}% 48
\BOOKMARK [2][-]{subsection.B.6}{\376\377\000C\000a\000t\000e\000g\000o\000r\000y\000\040\000A\000n\000a\000l\000y\000s\000i\000s}{appendix.B}% 49
\BOOKMARK [2][-]{subsection.B.7}{\376\377\000A\000l\000l\000\040\000M\000o\000d\000e\000l\000\040\000a\000n\000d\000\040\000F\000r\000a\000m\000e\000w\000o\000r\000k\000\040\000R\000e\000s\000u\000l\000t\000s}{appendix.B}% 50
\BOOKMARK [1][-]{appendix.C}{\376\377\000P\000r\000o\000m\000p\000t}{}% 51
\BOOKMARK [2][-]{subsection.C.1}{\376\377\000E\000v\000o\000l\000v\000i\000n\000g\000\040\000S\000t\000r\000a\000t\000e\000g\000y\000\040\000\046\000\040\000E\000x\000e\000c\000u\000t\000i\000o\000n\000\040\000F\000r\000a\000m\000e\000w\000o\000r\000k\000\040\000E\000v\000o\000l\000v\000i\000n\000g\000\040\000S\000t\000r\000a\000t\000e\000g\000y\000\040\000P\000h\000a\000s\000e\000\040\000S\000y\000s\000t\000e\000m\000\040\000P\000r\000o\000m\000p\000t\000s}{appendix.C}% 52
\BOOKMARK [2][-]{subsection.C.2}{\376\377\000E\000v\000o\000l\000v\000i\000n\000g\000\040\000S\000t\000r\000a\000t\000e\000g\000y\000\040\000\046\000\040\000E\000x\000e\000c\000u\000t\000i\000o\000n\000\040\000E\000x\000e\000c\000u\000t\000i\000o\000n\000\040\000F\000r\000a\000m\000e\000w\000o\000r\000k\000\040\000P\000h\000a\000s\000e\000\040\000S\000y\000s\000t\000e\000m\000\040\000P\000r\000o\000m\000p\000t\000s}{appendix.C}% 53
\BOOKMARK [2][-]{subsection.C.3}{\376\377\000R\000e\000f\000l\000e\000c\000t\000i\000o\000n\000\040\000F\000r\000a\000m\000e\000w\000o\000r\000k\000\040\000R\000e\000f\000l\000e\000c\000t\000i\000o\000n\000\040\000P\000h\000a\000s\000e\000\040\000P\000r\000o\000m\000p\000t\000s}{appendix.C}% 54
\BOOKMARK [2][-]{subsection.C.4}{\376\377\000M\000a\000c\000r\000o\000\040\000S\000i\000m\000i\000l\000i\000a\000r\000i\000t\000y\000\040\000J\000u\000d\000g\000e\000\040\000P\000r\000o\000m\000p\000t}{appendix.C}% 55
\BOOKMARK [1][-]{appendix.D}{\376\377\000A\000g\000e\000n\000t\000\040\000F\000r\000a\000m\000e\000w\000o\000r\000k}{}% 56
\BOOKMARK [2][-]{subsection.D.1}{\376\377\000I\000l\000l\000u\000s\000t\000r\000a\000t\000i\000o\000n\000\040\000o\000f\000\040\000A\000g\000e\000n\000t\000\040\000F\000r\000a\000m\000e\000w\000o\000r\000k}{appendix.D}% 57
